10/12/2019-22:33:38 - 2935 - INFO: Loading dialogue from res://assets/data/dialogues/test.json
10/12/2019-22:33:38 - 2935 - INFO: No states present in dialogue?
10/12/2019-22:33:38 - 2935 - DEBUG: Chose entry start
10/12/2019-22:33:40 - 5135 - DEBUG: Should go next or exit
10/12/2019-22:33:40 - 5135 - DEBUG: Will exit!
10/12/2019-22:33:43 - 7652 - DEBUG: Should go next or exit
10/12/2019-22:33:43 - 7652 - DEBUG: Will exit!
10/12/2019-22:33:43 - 8452 - DEBUG: Should go next or exit
10/12/2019-22:33:43 - 8452 - DEBUG: Will exit!
10/12/2019-22:33:44 - 8852 - DEBUG: Should go next or exit
10/12/2019-22:33:44 - 8852 - DEBUG: Will exit!
10/12/2019-22:33:44 - 9068 - DEBUG: Should go next or exit
10/12/2019-22:33:44 - 9068 - DEBUG: Will exit!
10/12/2019-22:33:44 - 9268 - DEBUG: Should go next or exit
10/12/2019-22:33:44 - 9268 - DEBUG: Will exit!
10/12/2019-22:33:44 - 9452 - DEBUG: Should go next or exit
10/12/2019-22:33:44 - 9452 - DEBUG: Will exit!
10/12/2019-22:33:45 - 9652 - DEBUG: Should go next or exit
10/12/2019-22:33:45 - 9652 - DEBUG: Will exit!
10/12/2019-22:33:52 - 3289 - INFO: Loading dialogue from res://assets/data/dialogues/test.json
10/12/2019-22:33:52 - 3289 - INFO: No states present in dialogue?
10/12/2019-22:33:52 - 3289 - DEBUG: Chose entry start
10/12/2019-22:36:21 - 152271 - DEBUG: Should go next or exit
10/12/2019-22:36:21 - 152271 - DEBUG: Will exit!
10/12/2019-22:36:23 - 153921 - DEBUG: Should go next or exit
10/12/2019-22:36:23 - 153921 - DEBUG: Will exit!
10/12/2019-22:36:24 - 154638 - DEBUG: Should go next or exit
10/12/2019-22:36:24 - 154638 - DEBUG: Will exit!
10/12/2019-22:36:24 - 155055 - DEBUG: Should go next or exit
10/12/2019-22:36:24 - 155055 - DEBUG: Will exit!
10/12/2019-22:36:24 - 155238 - DEBUG: Should go next or exit
10/12/2019-22:36:24 - 155238 - DEBUG: Will exit!
10/12/2019-22:36:25 - 155405 - DEBUG: Should go next or exit
10/12/2019-22:36:25 - 155405 - DEBUG: Will exit!
10/12/2019-22:36:25 - 155555 - DEBUG: Should go next or exit
10/12/2019-22:36:25 - 155555 - DEBUG: Will exit!
10/12/2019-22:36:25 - 155705 - DEBUG: Should go next or exit
10/12/2019-22:36:25 - 155705 - DEBUG: Will exit!
10/12/2019-22:36:25 - 155938 - DEBUG: Should go next or exit
10/12/2019-22:36:25 - 155938 - DEBUG: Will exit!
10/12/2019-22:36:26 - 156972 - DEBUG: Should go next or exit
10/12/2019-22:36:26 - 156972 - DEBUG: Will exit!
10/12/2019-22:36:26 - 157105 - DEBUG: Should go next or exit
10/12/2019-22:36:26 - 157105 - DEBUG: Will exit!
10/12/2019-22:36:26 - 157207 - DEBUG: Should go next or exit
10/12/2019-22:36:26 - 157207 - DEBUG: Will exit!
10/12/2019-22:36:26 - 157338 - DEBUG: Should go next or exit
10/12/2019-22:36:26 - 157338 - DEBUG: Will exit!
10/12/2019-22:39:52 - 3268 - INFO: Loading dialogue from res://assets/data/dialogues/test.json
10/12/2019-22:39:52 - 3268 - INFO: No states present in dialogue?
10/12/2019-22:39:52 - 3268 - DEBUG: Chose entry start
10/12/2019-22:39:53 - 4400 - DEBUG: Should go next or exit
10/12/2019-22:39:53 - 4401 - DEBUG: Will exit!
10/12/2019-22:39:53 - 4934 - INFO: Loading dialogue from res://assets/data/dialogues/test.json
10/12/2019-22:39:53 - 4934 - INFO: No states present in dialogue?
10/12/2019-22:39:53 - 4934 - DEBUG: Chose entry start
10/12/2019-22:39:55 - 6901 - DEBUG: Should go next or exit
10/12/2019-22:39:55 - 6901 - DEBUG: Will exit!
10/12/2019-22:39:59 - 10184 - INFO: Loading dialogue from res://assets/data/dialogues/test.json
10/12/2019-22:39:59 - 10184 - INFO: No states present in dialogue?
10/12/2019-22:39:59 - 10184 - DEBUG: Chose entry start
10/12/2019-22:40:0 - 11934 - DEBUG: Should go next or exit
10/12/2019-22:40:0 - 11934 - DEBUG: Will exit!
10/12/2019-22:40:3 - 14251 - INFO: Loading dialogue from res://assets/data/dialogues/test.json
10/12/2019-22:40:3 - 14251 - INFO: No states present in dialogue?
10/12/2019-22:40:3 - 14251 - DEBUG: Chose entry start
10/12/2019-22:40:5 - 16634 - DEBUG: Should go next or exit
10/12/2019-22:40:5 - 16634 - DEBUG: Will exit!
10/12/2019-22:45:1 - 3188 - INFO: Loading dialogue from res://assets/data/dialogues/test.json
10/12/2019-22:45:1 - 3188 - INFO: No states present in dialogue?
10/12/2019-22:45:1 - 3188 - DEBUG: Chose entry start
10/12/2019-22:45:3 - 5087 - INFO: Added states: [story:talked-once]
10/12/2019-22:45:3 - 5088 - INFO: Adding state story:talked-once
10/12/2019-22:45:3 - 5088 - INFO: Added state story:talked-once
10/12/2019-22:45:3 - 5088 - DEBUG: Should go next or exit
10/12/2019-22:45:3 - 5088 - DEBUG: Will exit!
10/12/2019-22:45:4 - 6054 - INFO: Loading dialogue from res://assets/data/dialogues/test.json
10/12/2019-22:45:4 - 6054 - INFO: No states present in dialogue?
10/12/2019-22:45:4 - 6055 - DEBUG: Chose entry start-again
10/12/2019-22:45:8 - 9521 - DEBUG: Has options! [{next:works, text:Bugger, it does!}, {next:does-not-work, text:Not really...}]
10/12/2019-22:45:8 - 9521 - INFO: Adding {next:works, text:Bugger, it does!}
10/12/2019-22:45:8 - 9521 - INFO: Adding {next:does-not-work, text:Not really...}
10/12/2019-22:45:11 - 13204 - DEBUG: Has options! [{text:Thanks mom!}, {text:Thanks old man?}]
10/12/2019-22:45:11 - 13204 - INFO: Adding {text:Thanks mom!}
10/12/2019-22:45:11 - 13205 - INFO: Adding {text:Thanks old man?}
10/12/2019-22:45:11 - 13205 - DEBUG: Will exit as option does not have next
10/12/2019-22:45:15 - 16438 - DEBUG: Will exit as option does not have next
10/12/2019-22:45:17 - 18471 - DEBUG: Will exit as option does not have next
10/12/2019-22:45:17 - 19155 - DEBUG: Will exit as option does not have next
10/12/2019-22:45:18 - 19371 - DEBUG: Will exit as option does not have next
10/12/2019-22:53:58 - 3107 - INFO: Loading dialogue from res://assets/data/dialogues/test.json
10/12/2019-22:53:58 - 3107 - INFO: No states present in dialogue?
10/12/2019-22:53:58 - 3107 - DEBUG: Chose entry start-again
10/12/2019-22:54:1 - 5957 - DEBUG: Has options! [{next:works, text:Bugger, it does!}, {next:does-not-work, text:Not really...}]
10/12/2019-22:54:1 - 5957 - INFO: Adding option {next:works, text:Bugger, it does!}
10/12/2019-22:54:1 - 5957 - INFO: Adding option {next:does-not-work, text:Not really...}
10/12/2019-22:54:7 - 12724 - DEBUG: Has options! [{text:Thanks mom!}, {text:Thanks old man?}]
10/12/2019-22:54:7 - 12724 - INFO: Adding option {text:Thanks mom!}
10/12/2019-22:54:7 - 12724 - INFO: Adding option {text:Thanks old man?}
10/12/2019-22:54:7 - 12724 - DEBUG: Will exit as option does not have next
10/12/2019-22:54:11 - 16074 - INFO: Loading dialogue from res://assets/data/dialogues/test.json
10/12/2019-22:54:11 - 16074 - INFO: No states present in dialogue?
10/12/2019-22:54:11 - 16074 - DEBUG: Chose entry start-again
10/12/2019-22:54:11 - 16924 - DEBUG: Has options! [{next:works, text:Bugger, it does!}, {next:does-not-work, text:Not really...}]
10/12/2019-22:54:11 - 16924 - INFO: Adding option {next:works, text:Bugger, it does!}
10/12/2019-22:54:11 - 16924 - INFO: Adding option {next:does-not-work, text:Not really...}
10/12/2019-22:54:13 - 17973 - DEBUG: Has options! [{text:Thanks mom!}, {text:Thanks old man?}]
10/12/2019-22:54:13 - 17973 - INFO: Adding option {text:Thanks mom!}
10/12/2019-22:54:13 - 17973 - INFO: Adding option {text:Thanks old man?}
10/12/2019-22:54:13 - 17974 - DEBUG: Will exit as option does not have next
10/12/2019-22:54:16 - 21157 - INFO: Loading dialogue from res://assets/data/dialogues/test.json
10/12/2019-22:54:16 - 21157 - INFO: No states present in dialogue?
10/12/2019-22:54:16 - 21157 - DEBUG: Chose entry start-again
10/12/2019-22:56:43 - 168923 - DEBUG: Has options! [{next:works, text:Bugger, it does!}, {next:does-not-work, text:Not really...}]
10/12/2019-22:56:43 - 168924 - INFO: Adding option {next:works, text:Bugger, it does!}
10/12/2019-22:56:43 - 168924 - INFO: Adding option {next:does-not-work, text:Not really...}
10/12/2019-22:56:45 - 170890 - DEBUG: Has options! [{text:Thanks mom!}, {text:Thanks old man?}]
10/12/2019-22:56:45 - 170890 - INFO: Adding option {text:Thanks mom!}
10/12/2019-22:56:45 - 170890 - INFO: Adding option {text:Thanks old man?}
10/12/2019-22:56:45 - 170891 - DEBUG: Will exit as option does not have next
10/12/2019-22:57:31 - 3122 - INFO: Loading dialogu10/12/2019-22:58:38 - 3022 - INFO: Loading dialogue from res://assets/data/dialogues/test.json
10/12/2019-22:58:38 - 3022 - INFO: No states present in dialogue?
10/12/2019-22:58:38 - 3022 - DEBUG: Chose entry start-again
10/12/2019-22:58:53 - 17565 - DEBUG: Has options! [{next:works, text:Bugger, it does!}, {next:does-not-work, text:Not really...}]
10/12/2019-22:58:53 - 17565 - INFO: Adding option {next:works, text:Bugger, it does!}
10/12/2019-22:58:53 - 17565 - INFO: Adding option {next:does-not-work, text:Not really...}
10/12/2019-22:59:14 - 39065 - DEBUG: Has options! [{text:Thanks mom!}, {text:Thanks old man?}]
10/12/2019-22:59:14 - 39065 - INFO: Adding option {text:Thanks mom!}
10/12/2019-22:59:14 - 39065 - INFO: Adding option {text:Thanks old man?}
10/12/2019-22:59:20 - 44886 - DEBUG: Will exit as option does not have next
10/12/2019-22:59:28 - 3114 - INFO: Loading dialogue from res://assets/data/dialogues/test.json
10/12/2019-22:59:28 - 3114 - INFO: No states present in dialogue?
10/12/2019-22:59:28 - 3114 - DEBUG: Chose entry start-again
10/12/2019-22:59:41 - 16680 - DEBUG: Has options! [{next:works, text:Bugger, it does!}, {next:does-not-work, text:Not really...}]
10/12/2019-22:59:41 - 16680 - INFO: Adding option {next:works, text:Bugger, it does!}
10/12/2019-22:59:41 - 16680 - INFO: Adding option {next:does-not-work, text:Not really...}
10/12/2019-22:59:44 - 19263 - DEBUG: Has options! [{text:Thanks mom!}, {text:Thanks old man?}]
10/12/2019-22:59:44 - 19263 - INFO: Adding option {text:Thanks mom!}
10/12/2019-22:59:44 - 19264 - INFO: Adding option {text:Thanks old man?}
10/12/2019-22:59:46 - 21047 - DEBUG: Will exit as option does not have next
10/12/2019-22:59:46 - 21680 - INFO: Loading dialogue from res://assets/data/dialogues/test.json
10/12/2019-22:59:46 - 21680 - INFO: No states present in dialogue?
10/12/2019-22:59:46 - 21680 - DEBUG: Chose entry start-again
10/12/2019-22:59:47 - 22397 - DEBUG: Has options! [{next:works, text:Bugger, it does!}, {next:does-not-work, text:Not really...}]
10/12/2019-22:59:47 - 22397 - INFO: Adding option {next:works, text:Bugger, it does!}
10/12/2019-22:59:47 - 22397 - INFO: Adding option {next:does-not-work, text:Not really...}
10/12/2019-22:59:48 - 23497 - DEBUG: Has options! [{text:Thanks mom!}, {text:Thanks old man?}]
10/12/2019-22:59:48 - 23497 - INFO: Adding option {text:Thanks mom!}
10/12/2019-22:59:48 - 23497 - INFO: Adding option {text:Thanks old man?}
10/12/2019-22:59:49 - 23930 - DEBUG: Will exit as option does not have next
10/12/2019-22:59:49 - 24380 - INFO: Loading dialogue from res://assets/data/dialogues/test.json
10/12/2019-22:59:49 - 24380 - INFO: No states present in dialogue?
10/12/2019-22:59:49 - 24381 - DEBUG: Chose entry start-again
10/12/2019-22:59:50 - 24764 - DEBUG: Has options! [{next:works, text:Bugger, it does!}, {next:does-not-work, text:Not really...}]
10/12/2019-22:59:50 - 24764 - INFO: Adding option {next:works, text:Bugger, it does!}
10/12/2019-22:59:50 - 24764 - INFO: Adding option {next:does-not-work, text:Not really...}
10/12/2019-22:59:51 - 25780 - DEBUG: Has options! [{text:Thanks mom!}, {text:Thanks old man?}]
10/12/2019-22:59:51 - 25780 - INFO: Adding option {text:Thanks mom!}
10/12/2019-22:59:51 - 25780 - INFO: Adding option {text:Thanks old man?}
10/12/2019-22:59:51 - 26247 - DEBUG: Will exit as option does not have next
10/12/2019-22:59:53 - 28297 - INFO: Loading dialogue from res://assets/data/dialogues/test.json
10/12/2019-22:59:53 - 28297 - INFO: No states present in dialogue?
10/12/2019-22:59:53 - 28297 - DEBUG: Chose entry start-again
10/12/2019-22:59:54 - 28947 - DEBUG: Has options! [{next:works, text:Bugger, it does!}, {next:does-not-work, text:Not really...}]
10/12/2019-22:59:54 - 28947 - INFO: Adding option {next:works, text:Bugger, it does!}
10/12/2019-22:59:54 - 28947 - INFO: Adding option {next:does-not-work, text:Not really...}
10/12/2019-22:59:55 - 29780 - DEBUG: Has options! [{text:Thanks mom!}, {text:Thanks old man?}]
10/12/2019-22:59:55 - 29780 - INFO: Adding option {text:Thanks mom!}
10/12/2019-22:59:55 - 29780 - INFO: Adding option {text:Thanks old man?}
10/12/2019-22:59:55 - 30397 - DEBUG: Will exit as option does not have next
10/12/2019-22:59:56 - 30780 - INFO: Loading dialogue from res://assets/data/dialogues/test.json
10/12/2019-22:59:56 - 30780 - INFO: No states present in dialogue?
10/12/2019-22:59:56 - 30781 - DEBUG: Chose entry start-again
10/12/2019-22:59:56 - 31213 - DEBUG: Has options! [{next:works, text:Bugger, it does!}, {next:does-not-work, text:Not really...}]
10/12/2019-22:59:56 - 31213 - INFO: Adding option {next:works, text:Bugger, it does!}
10/12/2019-22:59:56 - 31213 - INFO: Adding option {next:does-not-work, text:Not really...}
10/12/2019-22:59:57 - 32297 - DEBUG: Has options! [{text:Thanks mom!}, {text:Thanks old man?}]
10/12/2019-22:59:57 - 32297 - INFO: Adding option {text:Thanks mom!}
10/12/2019-22:59:57 - 32297 - INFO: Adding option {text:Thanks old man?}
10/12/2019-22:59:58 - 32914 - DEBUG: Will exit as option does not have next
10/12/2019-22:59:58 - 33180 - INFO: Loading dialogue from res://assets/data/dialogues/test.json
10/12/2019-22:59:58 - 33180 - INFO: No states present in dialogue?
10/12/2019-22:59:58 - 33181 - DEBUG: Chose entry start-again
10/12/2019-22:59:58 - 33597 - DEBUG: Has options! [{next:works, text:Bugger, it does!}, {next:does-not-work, text:Not really...}]
10/12/2019-22:59:58 - 33597 - INFO: Adding option {next:works, text:Bugger, it does!}
10/12/2019-22:59:58 - 33597 - INFO: Adding option {next:does-not-work, text:Not really...}
10/12/2019-22:59:59 - 34247 - DEBUG: Has options! [{text:Thanks mom!}, {text:Thanks old man?}]
10/12/2019-22:59:59 - 34247 - INFO: Adding option {text:Thanks mom!}
10/12/2019-22:59:59 - 34247 - INFO: Adding option {text:Thanks old man?}
10/12/2019-22:59:59 - 34547 - DEBUG: Will exit as option does not have next
10/12/2019-23:0:29 - 3427 - INFO: Loading dialogue from res://assets/data/dialogues/test.json
10/12/2019-23:0:29 - 3427 - INFO: No states present in dialogue?
10/12/2019-23:0:29 - 3427 - DEBUG: Chose entry start-again
10/12/2019-23:0:31 - 5160 - DEBUG: Has options! [{next:works, text:Bugger, it does!}, {next:does-not-work, text:Not really...}]
10/12/2019-23:0:31 - 5160 - INFO: Adding option {next:works, text:Bugger, it does!}
10/12/2019-23:0:31 - 5160 - INFO: Adding option {next:does-not-work, text:Not really...}
10/12/2019-23:0:33 - 7744 - DEBUG: Has options! [{text:Thanks mom!}, {text:Thanks old man?}]
10/12/2019-23:0:33 - 7744 - INFO: Adding option {text:Thanks mom!}
10/12/2019-23:0:33 - 7744 - INFO: Adding option {text:Thanks old man?}
10/12/2019-23:0:34 - 8710 - DEBUG: Will exit as option does not have next
10/12/2019-23:2:1 - 3169 - INFO: Loading dialogue from res://assets/data/dialogues/test.json
10/12/2019-23:2:1 - 3169 - INFO: No states present in dialogue?
10/12/2019-23:2:1 - 3169 - DEBUG: Chose entry start
10/12/2019-23:2:3 - 4686 - INFO: Added states: [story:talked-once]
10/12/2019-23:2:3 - 4686 - INFO: Adding state story:talked-once
10/12/2019-23:2:3 - 4686 - INFO: Added state story:talked-once
10/12/2019-23:2:3 - 4686 - DEBUG: Should go next or exit
10/12/2019-23:2:3 - 4686 - DEBUG: Will exit!
10/12/2019-23:2:4 - 5536 - INFO: Loading dialogue from res://assets/data/dialogues/test.json
10/12/2019-23:2:4 - 5536 - INFO: No states present in dialogue?
10/12/2019-23:2:4 - 5536 - DEBUG: Chose entry start-again
10/12/2019-23:2:7 - 8886 - DEBUG: Has options! [{next:works, text:Bugger, it does!}, {next:does-not-work, text:Not really...}]
10/12/2019-23:2:7 - 8886 - INFO: Adding option {next:works, text:Bugger, it does!}
10/12/2019-23:2:7 - 8886 - INFO: Adding option {next:does-not-work, text:Not really...}
10/12/2019-23:2:11 - 12469 - DEBUG: Has options! [{text:Thanks mom!}, {text:Thanks old man?}]
10/12/2019-23:2:11 - 12469 - INFO: Adding option {text:Thanks mom!}
10/12/2019-23:2:11 - 12469 - INFO: Adding option {text:Thanks old man?}
10/12/2019-23:2:12 - 14136 - DEBUG: Will exit as option does not have next
10/12/2019-23:2:25 - 3187 - INFO: Loading dialogue from res://assets/data/dialogues/test.json
10/12/2019-23:2:25 - 3187 - INFO: No states present in dialogue?
10/12/2019-23:2:25 - 3187 - DEBUG: Chose entry start
10/12/2019-23:2:26 - 4753 - INFO: Added states: [story:talked-once]
10/12/2019-23:2:26 - 4753 - INFO: Adding state story:talked-once
10/12/2019-23:2:26 - 4753 - INFO: Added state story:talked-once
10/12/2019-23:2:26 - 4753 - DEBUG: Should go next or exit
10/12/2019-23:2:26 - 4753 - DEBUG: Will exit!
10/12/2019-23:2:29 - 7670 - INFO: Loading dialogue from res://assets/data/dialogues/test.json
10/12/2019-23:2:29 - 7670 - INFO: No states present in dialogue?
10/12/2019-23:2:29 - 7670 - DEBUG: Chose entry start-again
10/12/2019-23:2:32 - 10903 - DEBUG: Has options! [{next:works, text:Bugger, it does!}, {next:does-not-work, text:Not really...}]
10/12/2019-23:2:32 - 10903 - INFO: Adding option {next:works, text:Bugger, it does!}
10/12/2019-23:2:32 - 10903 - INFO: Adding option {next:does-not-work, text:Not really...}
10/12/2019-23:2:44 - 22419 - DEBUG: Has options! [{text:Thanks mom!}, {text:Thanks old man?}]
10/12/2019-23:2:44 - 22419 - INFO: Adding option {text:Thanks mom!}
10/12/2019-23:2:44 - 22420 - INFO: Adding option {text:Thanks old man?}
10/12/2019-23:2:45 - 23353 - DEBUG: Will exit as option does not have next
13/12/2019-23:53:26 - 2249 - ERROR: Tried to play an animation that doesn't exist in level. Animation name: fly-away-1
13/12/2019-23:58:30 - 2875 - ERROR: Tried to play an animation that doesn't exist in level. Animation name: fly-away-1
14/12/2019-0:9:54 - 5926 - ERROR: Tried to play an animation that doesn't exist in level. Animation name: fly-away-1
14/12/2019-0:9:59 - 11309 - ERROR: Tried to play an animation that doesn't exist in level. Animation name: fly-away-1
14/12/2019-0:10:5 - 17643 - ERROR: Tried to play an animation that doesn't exist in level. Animation name: fly-away-1
